TN:
SF:src/routes/items.js
FNF:0
FNH:0
DA:1,1
DA:2,1
DA:3,1
DA:4,1
DA:5,1
DA:6,1
DA:7,1
DA:8,1
DA:9,1
DA:10,1
DA:11,1
DA:12,3
DA:13,3
DA:14,3
DA:15,3
DA:16,3
DA:17,3
DA:18,1
DA:19,9
DA:20,1
DA:21,1
DA:22,3
DA:23,3
DA:24,3
DA:25,3
DA:26,3
DA:27,3
DA:28,3
DA:29,3
DA:30,3
DA:31,0
DA:32,0
DA:33,1
DA:34,1
DA:35,1
DA:36,1
DA:37,1
DA:38,2
DA:39,2
DA:40,2
DA:41,2
DA:42,2
DA:43,0
DA:44,0
DA:45,2
DA:46,2
DA:47,2
DA:48,2
DA:49,1
DA:50,1
DA:51,1
DA:52,2
DA:53,0
DA:54,0
DA:55,1
DA:56,1
DA:57,1
DA:58,1
DA:59,0
DA:60,0
DA:61,0
DA:62,0
DA:63,0
DA:64,0
DA:65,0
DA:66,0
DA:67,0
DA:68,0
DA:69,0
DA:70,0
DA:71,0
DA:72,0
DA:73,0
DA:74,0
DA:75,0
DA:76,0
DA:77,1
DA:78,1
DA:79,1
LF:79
LH:55
BRDA:11,0,0,3
BRDA:17,1,0,1
BRDA:30,2,0,0
BRDA:18,3,0,9
BRDA:37,4,0,2
BRDA:42,5,0,0
BRDA:48,6,0,1
BRDA:52,7,0,0
BRDA:46,8,0,10
BRF:9
BRH:6
end_of_record
TN:
SF:src/schemas/item.schema.js
FNF:0
FNH:0
DA:1,1
DA:2,1
DA:3,1
DA:4,1
DA:5,1
DA:6,1
DA:7,1
DA:8,1
DA:9,1
DA:10,1
LF:10
LH:10
BRF:0
BRH:0
end_of_record
TN:
SF:src/utils/file.js
FN:3,readData
FN:8,writeData
FNF:2
FNH:1
FNDA:5,readData
FNDA:0,writeData
DA:1,1
DA:2,1
DA:3,1
DA:4,5
DA:5,5
DA:6,5
DA:7,1
DA:8,1
DA:9,0
DA:10,0
DA:11,1
DA:12,1
LF:12
LH:10
BRDA:3,0,0,5
BRF:1
BRH:1
end_of_record
TN:
SF:src/utils/stats.js
FN:1,mean
FNF:1
FNH:1
FNDA:2,mean
DA:1,2
DA:2,2
DA:3,1
DA:4,1
DA:5,1
DA:6,1
LF:6
LH:6
BRDA:1,0,0,2
BRDA:2,1,0,1
BRDA:3,2,0,3
BRF:3
BRH:3
end_of_record
